[35m[Appium][39m Welcome to Appium v1.22.3
[35m[Appium][39m Non-default server args:
[35m[Appium][39m   port: 53078
[35m[Appium][39m   loglevel: info
[35m[Appium][39m   tmpDir: C:\Users\pooyu\AppData\Local\Temp\\Katalon\Appium\Temp1679018459457
[35m[Appium][39m   chromedriverPort: 53079
[35m[Appium][39m Deprecated server args:
[35m[Appium][39m   [31m--chromedriver-port[39m => --default-capabilities
[35m[Appium][39m Default capabilities, which will be added to each request unless overridden by desired capabilities:
[35m[Appium][39m   chromedriverPort: 53079
[35m[Appium][39m Appium REST http interface listener started on 0.0.0.0:53078
[35m[HTTP][39m [37m-->[39m [37mGET[39m [37m/wd/hub/status[39m
[35m[HTTP][39m [90m{}[39m
[35m[HTTP][39m [37m<-- GET /wd/hub/status [39m[32m200[39m [90m4 ms - 68[39m
[35m[HTTP][39m [90m[39m
[35m[HTTP][39m [37m-->[39m [37mGET[39m [37m/wd/hub/status[39m
[35m[HTTP][39m [90m{}[39m
[35m[HTTP][39m [37m<-- GET /wd/hub/status [39m[32m200[39m [90m1 ms - 68[39m
[35m[HTTP][39m [90m[39m
[35m[HTTP][39m [37m-->[39m [37mPOST[39m [37m/wd/hub/session[39m
[35m[HTTP][39m [90m{"desiredCapabilities":{"app":"C:\\Users\\pooyu\\Downloads\\Android-MyDemoAppRN.1.2.0.build-231.apk","noReset":true,"deviceName":"emulator-5554 (sdk_gphone64_x86_64 - Android 13)","fullReset":false,"platform":"ANDROID","newCommandTimeout":1800,"platformVersion":"13","automationName":"uiautomator2","autoGrantPermissions":true,"platformName":"Android","udid":"emulator-5554","systemPort":53083},"capabilities":{"firstMatch":[{"appium:app":"C:\\Users\\pooyu\\Downloads\\Android-MyDemoAppRN.1.2.0.build-231.apk","appium:autoGrantPermissions":true,"appium:automationName":"uiautomator2","appium:deviceName":"emulator-5554 (sdk_gphone64_x86_64 - Android 13)","appium:fullReset":false,"appium:newCommandTimeout":1800,"appium:noReset":true,"platform":"ANDROID","platformName":"android","appium:platformVersion":"13","appium:systemPort":53083,"appium:udid":"emulator-5554"}]}}[39m
[35m[BaseDriver][39m The following capabilities are not standard capabilities and should have an extension prefix:
[35m[BaseDriver][39m   platform
[35m[BaseDriver][39m   chromedriverPort
[35m[Appium][39m Appium v1.22.3 creating new AndroidUiautomator2Driver (v1.70.1) session
[35m[BaseDriver][39m The following capabilities were provided, but are not recognized by Appium:
[35m[BaseDriver][39m   platform
[35m[BaseDriver][39m Session created with session id: a436153e-ebe1-41aa-af77-eb84f4e1b568
[35m[BaseDriver][39m Using local app 'C:\Users\pooyu\Downloads\Android-MyDemoAppRN.1.2.0.build-231.apk'
[35m[ADB][39m Found 1 'build-tools' folders under 'C:\Users\pooyu\.katalon\tools\android_sdk' (newest first):
[35m[ADB][39m     C:/Users/pooyu/.katalon/tools/android_sdk/build-tools/29.0.3
[35m[ADB][39m Using 'adb.exe' from 'C:\Users\pooyu\.katalon\tools\android_sdk\platform-tools\adb.exe'
[35m[AndroidDriver][39m Retrieving device list
[35m[AndroidDriver][39m Using device: emulator-5554
[35m[ADB][39m Using 'adb.exe' from 'C:\Users\pooyu\.katalon\tools\android_sdk\platform-tools\adb.exe'
[35m[ADB][39m Getting device platform version
[35m[UiAutomator2][39m Relaxing hidden api policy
[35m[ADB][39m Package name: 'com.saucelabs.mydemoapp.rn'
[35m[ADB][39m Main activity name: 'com.saucelabs.mydemoapp.rn.MainActivity'
[35m[ADB][39m Using 'apksigner.jar' from 'C:\Users\pooyu\.katalon\tools\android_sdk\build-tools\29.0.3\lib\apksigner.jar'
[35m[ADB][39m 'C:\Users\pooyu\AppData\Roaming\npm\node_modules\appium\node_modules\appium-uiautomator2-server\apks\appium-uiautomator2-server-v4.27.0.apk' is signed with the default certificate
[35m[ADB][39m 'C:\Users\pooyu\AppData\Roaming\npm\node_modules\appium\node_modules\appium-uiautomator2-server\apks\appium-uiautomator2-server-debug-androidTest.apk' is signed with the default certificate
[35m[UiAutomator2][39m Server packages are not going to be (re)installed
[35m[ADB][39m Adding packages ["io.appium.settings","io.appium.uiautomator2.server","io.appium.uiautomator2.server.test"] to Doze whitelist
[35m[ADB][39m 'C:\Users\pooyu\Downloads\Android-MyDemoAppRN.1.2.0.build-231.apk' is signed with a non-default certificate
[35m[ADB][39m The application at 'C:\Users\pooyu\Downloads\Android-MyDemoAppRN.1.2.0.build-231.apk' will not be cached, because the device under test has confirmed the support of streamed installs
[35m[ADB][39m The installation of 'Android-MyDemoAppRN.1.2.0.build-231.apk' took 2339ms
[35m[UiAutomator2][39m Starting UIAutomator2 server 4.27.0
[35m[UiAutomator2][39m Using UIAutomator2 server from 'C:\Users\pooyu\AppData\Roaming\npm\node_modules\appium\node_modules\appium-uiautomator2-server\apks\appium-uiautomator2-server-v4.27.0.apk' and test from 'C:\Users\pooyu\AppData\Roaming\npm\node_modules\appium\node_modules\appium-uiautomator2-server\apks\appium-uiautomator2-server-debug-androidTest.apk'
[35m[UiAutomator2][39m Waiting up to 30000ms for UiAutomator2 to be online...
[35m[WD Proxy][39m socket hang up
[35m[WD Proxy][39m socket hang up
[35m[WD Proxy][39m socket hang up
[35m[WD Proxy][39m Determined the downstream protocol as 'W3C'
[35m[AndroidDriver][39m Screen already unlocked, doing nothing
[35m[UiAutomator2][39m Starting 'com.saucelabs.mydemoapp.rn/com.saucelabs.mydemoapp.rn.MainActivity and waiting for 'com.saucelabs.mydemoapp.rn/com.saucelabs.mydemoapp.rn.MainActivity'
[35m[Appium][39m New AndroidUiautomator2Driver session created successfully, session a436153e-ebe1-41aa-af77-eb84f4e1b568 added to master session list
[35m[HTTP][39m [37m<-- POST /wd/hub/session [39m[32m200[39m [90m11798 ms - 1335[39m
[35m[HTTP][39m [90m[39m
[35m[HTTP][39m [37m-->[39m [37mGET[39m [37m/wd/hub/session/a436153e-ebe1-41aa-af77-eb84f4e1b568[39m
[35m[HTTP][39m [90m{}[39m
[35m[HTTP][39m [37m<-- GET /wd/hub/session/a436153e-ebe1-41aa-af77-eb84f4e1b568 [39m[32m200[39m [90m14 ms - 1289[39m
[35m[HTTP][39m [90m[39m
[35m[HTTP][39m [37m-->[39m [37mGET[39m [37m/wd/hub/session/a436153e-ebe1-41aa-af77-eb84f4e1b568[39m
[35m[HTTP][39m [90m{}[39m
[35m[HTTP][39m [37m<-- GET /wd/hub/session/a436153e-ebe1-41aa-af77-eb84f4e1b568 [39m[32m200[39m [90m17 ms - 1289[39m
[35m[HTTP][39m [90m[39m
[35m[HTTP][39m [37m-->[39m [37mGET[39m [37m/wd/hub/status[39m
[35m[HTTP][39m [90m{}[39m
[35m[HTTP][39m [37m<-- GET /wd/hub/status [39m[32m200[39m [90m1 ms - 68[39m
[35m[HTTP][39m [90m[39m
[35m[HTTP][39m [37m-->[39m [37mPOST[39m [37m/wd/hub/session/a436153e-ebe1-41aa-af77-eb84f4e1b568/timeouts[39m
[35m[HTTP][39m [90m{"implicit":60000}[39m
[35m[HTTP][39m [37m<-- POST /wd/hub/session/a436153e-ebe1-41aa-af77-eb84f4e1b568/timeouts [39m[32m200[39m [90m3 ms - 14[39m
[35m[HTTP][39m [90m[39m
[35m[HTTP][39m [37m-->[39m [37mGET[39m [37m/wd/hub/session/a436153e-ebe1-41aa-af77-eb84f4e1b568/source[39m
[35m[HTTP][39m [90m{}[39m
[35m[W3C (a436153e)][39m Driver proxy active, passing request on via HTTP proxy
[35m[WD Proxy][39m Replacing sessionId 144c2240-c3b6-4116-bce3-1e74916ee668 with a436153e-ebe1-41aa-af77-eb84f4e1b568
[35m[HTTP][39m [37m<-- GET /wd/hub/session/a436153e-ebe1-41aa-af77-eb84f4e1b568/source [39m[32m200[39m [90m944 ms - 45558[39m
[35m[HTTP][39m [90m[39m
[35m[HTTP][39m [37m-->[39m [37mGET[39m [37m/wd/hub/session/a436153e-ebe1-41aa-af77-eb84f4e1b568/screenshot[39m
[35m[HTTP][39m [90m{}[39m
[35m[HTTP][39m [37m<-- GET /wd/hub/session/a436153e-ebe1-41aa-af77-eb84f4e1b568/screenshot [39m[32m200[39m [90m534 ms - 1729286[39m
[35m[HTTP][39m [90m[39m
[35m[HTTP][39m [37m-->[39m [37mPOST[39m [37m/wd/hub/session/a436153e-ebe1-41aa-af77-eb84f4e1b568/elements[39m
[35m[HTTP][39m [90m{"using":"xpath","value":"//*[@class = 'android.widget.ImageView' and (@text = '' or . = '')]"}[39m
[35m[HTTP][39m [37m<-- POST /wd/hub/session/a436153e-ebe1-41aa-af77-eb84f4e1b568/elements [39m[32m200[39m [90m453 ms - 1035[39m
[35m[HTTP][39m [90m[39m
[35m[HTTP][39m [37m-->[39m [37mPOST[39m [37m/wd/hub/session/a436153e-ebe1-41aa-af77-eb84f4e1b568/elements[39m
[35m[HTTP][39m [90m{"using":"-android uiautomator","value":"new UiSelector().className(\"android.widget.ImageView\")"}[39m
[35m[HTTP][39m [37m<-- POST /wd/hub/session/a436153e-ebe1-41aa-af77-eb84f4e1b568/elements [39m[32m200[39m [90m86 ms - 1035[39m
[35m[HTTP][39m [90m[39m
[35m[HTTP][39m [37m-->[39m [37mGET[39m [37m/wd/hub/session/a436153e-ebe1-41aa-af77-eb84f4e1b568/window/rect[39m
[35m[HTTP][39m [90m{}[39m
[35m[HTTP][39m [37m<-- GET /wd/hub/session/a436153e-ebe1-41aa-af77-eb84f4e1b568/window/rect [39m[32m200[39m [90m13 ms - 50[39m
[35m[HTTP][39m [90m[39m
[35m[HTTP][39m [37m-->[39m [37mPOST[39m [37m/wd/hub/session/a436153e-ebe1-41aa-af77-eb84f4e1b568/elements[39m
[35m[HTTP][39m [90m{"using":"xpath","value":"//hierarchy/android.widget.FrameLayout[1]/android.widget.LinearLayout[1]/android.widget.FrameLayout[1]/android.widget.LinearLayout[1]/android.widget.FrameLayout[1]/android.widget.FrameLayout[1]/android.view.ViewGroup[1]/android.view.ViewGroup[1]/android.view.ViewGroup[1]/android.view.ViewGroup[1]/android.view.ViewGroup[1]/android.view.ViewGroup[1]/android.widget.FrameLayout[1]/android.view.ViewGroup[1]/android.view.ViewGroup[1]/android.view.ViewGroup[1]/android.view.ViewGroup[1]/android.view.ViewGroup[1]/android.widget.FrameLayout[1]/android.view.ViewGroup[1]/android.view.ViewGroup[1]/android.view.ViewGroup[1]/android.view.ViewGroup[1]/android.view.ViewGroup[1]/android.view.ViewGroup[1]/android.view.ViewGroup[1]/android.view.ViewGroup[1]/android.view.ViewGroup[1]/android.widget.ImageView[1]"}[39m
[35m[HTTP][39m [37m<-- POST /wd/hub/session/a436153e-ebe1-41aa-af77-eb84f4e1b568/elements [39m[32m200[39m [90m64 ms - 139[39m
[35m[HTTP][39m [90m[39m
[35m[HTTP][39m [37m-->[39m [37mGET[39m [37m/wd/hub/session/a436153e-ebe1-41aa-af77-eb84f4e1b568/element/00000000-0000-00f7-ffff-ffff00000023/location[39m
[35m[HTTP][39m [90m{}[39m
[35m[W3C (a436153e)][39m Driver proxy active, passing request on via HTTP proxy
[35m[WD Proxy][39m Replacing sessionId 144c2240-c3b6-4116-bce3-1e74916ee668 with a436153e-ebe1-41aa-af77-eb84f4e1b568
[35m[HTTP][39m [37m<-- GET /wd/hub/session/a436153e-ebe1-41aa-af77-eb84f4e1b568/element/00000000-0000-00f7-ffff-ffff00000023/location [39m[32m200[39m [90m18 ms - 76[39m
[35m[HTTP][39m [90m[39m
[35m[HTTP][39m [37m-->[39m [37mPOST[39m [37m/wd/hub/session/a436153e-ebe1-41aa-af77-eb84f4e1b568/element/00000000-0000-00f7-ffff-ffff00000023/click[39m
[35m[HTTP][39m [90m{"id":"00000000-0000-00f7-ffff-ffff00000023"}[39m
[35m[HTTP][39m [37m<-- POST /wd/hub/session/a436153e-ebe1-41aa-af77-eb84f4e1b568/element/00000000-0000-00f7-ffff-ffff00000023/click [39m[32m200[39m [90m53 ms - 14[39m
[35m[HTTP][39m [90m[39m
[35m[HTTP][39m [37m-->[39m [37mGET[39m [37m/wd/hub/session/a436153e-ebe1-41aa-af77-eb84f4e1b568/source[39m
[35m[HTTP][39m [90m{}[39m
[35m[W3C (a436153e)][39m Driver proxy active, passing request on via HTTP proxy
[35m[WD Proxy][39m Replacing sessionId 144c2240-c3b6-4116-bce3-1e74916ee668 with a436153e-ebe1-41aa-af77-eb84f4e1b568
[35m[HTTP][39m [37m<-- GET /wd/hub/session/a436153e-ebe1-41aa-af77-eb84f4e1b568/source [39m[32m200[39m [90m1029 ms - 57948[39m
[35m[HTTP][39m [90m[39m
[35m[HTTP][39m [37m-->[39m [37mGET[39m [37m/wd/hub/session/a436153e-ebe1-41aa-af77-eb84f4e1b568/screenshot[39m
[35m[HTTP][39m [90m{}[39m
[35m[HTTP][39m [37m<-- GET /wd/hub/session/a436153e-ebe1-41aa-af77-eb84f4e1b568/screenshot [39m[32m200[39m [90m262 ms - 706542[39m
[35m[HTTP][39m [90m[39m
[35m[HTTP][39m [37m-->[39m [37mPOST[39m [37m/wd/hub/session/a436153e-ebe1-41aa-af77-eb84f4e1b568/elements[39m
[35m[HTTP][39m [90m{"using":"xpath","value":"//*[@class = 'android.widget.TextView' and (@text = 'Log In' or . = 'Log In')]"}[39m
[35m[HTTP][39m [37m<-- POST /wd/hub/session/a436153e-ebe1-41aa-af77-eb84f4e1b568/elements [39m[32m200[39m [90m228 ms - 139[39m
[35m[HTTP][39m [90m[39m
[35m[HTTP][39m [37m-->[39m [37mGET[39m [37m/wd/hub/session/a436153e-ebe1-41aa-af77-eb84f4e1b568/window/rect[39m
[35m[HTTP][39m [90m{}[39m
[35m[HTTP][39m [37m<-- GET /wd/hub/session/a436153e-ebe1-41aa-af77-eb84f4e1b568/window/rect [39m[32m200[39m [90m62 ms - 50[39m
[35m[HTTP][39m [90m[39m
[35m[HTTP][39m [37m-->[39m [37mPOST[39m [37m/wd/hub/session/a436153e-ebe1-41aa-af77-eb84f4e1b568/elements[39m
[35m[HTTP][39m [90m{"using":"xpath","value":"//*[@class = 'android.widget.TextView' and (@text = 'Log In' or . = 'Log In')]"}[39m
[35m[HTTP][39m [37m<-- POST /wd/hub/session/a436153e-ebe1-41aa-af77-eb84f4e1b568/elements [39m[32m200[39m [90m138 ms - 139[39m
[35m[HTTP][39m [90m[39m
[35m[HTTP][39m [37m-->[39m [37mGET[39m [37m/wd/hub/session/a436153e-ebe1-41aa-af77-eb84f4e1b568/element/00000000-0000-00f7-ffff-ffff00000083/location[39m
[35m[HTTP][39m [90m{}[39m
[35m[W3C (a436153e)][39m Driver proxy active, passing request on via HTTP proxy
[35m[WD Proxy][39m Replacing sessionId 144c2240-c3b6-4116-bce3-1e74916ee668 with a436153e-ebe1-41aa-af77-eb84f4e1b568
[35m[HTTP][39m [37m<-- GET /wd/hub/session/a436153e-ebe1-41aa-af77-eb84f4e1b568/element/00000000-0000-00f7-ffff-ffff00000083/location [39m[32m200[39m [90m13 ms - 77[39m
[35m[HTTP][39m [90m[39m
[35m[HTTP][39m [37m-->[39m [37mPOST[39m [37m/wd/hub/session/a436153e-ebe1-41aa-af77-eb84f4e1b568/element/00000000-0000-00f7-ffff-ffff00000083/click[39m
[35m[HTTP][39m [90m{"id":"00000000-0000-00f7-ffff-ffff00000083"}[39m
[35m[HTTP][39m [37m<-- POST /wd/hub/session/a436153e-ebe1-41aa-af77-eb84f4e1b568/element/00000000-0000-00f7-ffff-ffff00000083/click [39m[32m200[39m [90m47 ms - 14[39m
[35m[HTTP][39m [90m[39m
[35m[HTTP][39m [37m-->[39m [37mGET[39m [37m/wd/hub/session/a436153e-ebe1-41aa-af77-eb84f4e1b568/source[39m
[35m[HTTP][39m [90m{}[39m
[35m[W3C (a436153e)][39m Driver proxy active, passing request on via HTTP proxy
[35m[WD Proxy][39m Replacing sessionId 144c2240-c3b6-4116-bce3-1e74916ee668 with a436153e-ebe1-41aa-af77-eb84f4e1b568
[35m[HTTP][39m [37m<-- GET /wd/hub/session/a436153e-ebe1-41aa-af77-eb84f4e1b568/source [39m[32m200[39m [90m1044 ms - 26814[39m
[35m[HTTP][39m [90m[39m
[35m[HTTP][39m [37m-->[39m [37mGET[39m [37m/wd/hub/session/a436153e-ebe1-41aa-af77-eb84f4e1b568/screenshot[39m
[35m[HTTP][39m [90m{}[39m
[35m[HTTP][39m [37m<-- GET /wd/hub/session/a436153e-ebe1-41aa-af77-eb84f4e1b568/screenshot [39m[32m200[39m [90m230 ms - 157344[39m
[35m[HTTP][39m [90m[39m
[35m[HTTP][39m [37m-->[39m [37mPOST[39m [37m/wd/hub/session/a436153e-ebe1-41aa-af77-eb84f4e1b568/elements[39m
[35m[HTTP][39m [90m{"using":"xpath","value":"//*[@class = 'android.widget.EditText' and (@text = '' or . = '')]"}[39m
[35m[HTTP][39m [37m<-- POST /wd/hub/session/a436153e-ebe1-41aa-af77-eb84f4e1b568/elements [39m[32m200[39m [90m67 ms - 267[39m
[35m[HTTP][39m [90m[39m
[35m[HTTP][39m [37m-->[39m [37mPOST[39m [37m/wd/hub/session/a436153e-ebe1-41aa-af77-eb84f4e1b568/elements[39m
[35m[HTTP][39m [90m{"using":"accessibility id","value":"Username input field"}[39m
[35m[HTTP][39m [37m<-- POST /wd/hub/session/a436153e-ebe1-41aa-af77-eb84f4e1b568/elements [39m[32m200[39m [90m21 ms - 139[39m
[35m[HTTP][39m [90m[39m
[35m[HTTP][39m [37m-->[39m [37mGET[39m [37m/wd/hub/session/a436153e-ebe1-41aa-af77-eb84f4e1b568/window/rect[39m
[35m[HTTP][39m [90m{}[39m
[35m[HTTP][39m [37m<-- GET /wd/hub/session/a436153e-ebe1-41aa-af77-eb84f4e1b568/window/rect [39m[32m200[39m [90m7 ms - 50[39m
[35m[HTTP][39m [90m[39m
[35m[HTTP][39m [37m-->[39m [37mPOST[39m [37m/wd/hub/session/a436153e-ebe1-41aa-af77-eb84f4e1b568/elements[39m
[35m[HTTP][39m [90m{"using":"accessibility id","value":"Username input field"}[39m
[35m[HTTP][39m [37m<-- POST /wd/hub/session/a436153e-ebe1-41aa-af77-eb84f4e1b568/elements [39m[32m200[39m [90m20 ms - 139[39m
[35m[HTTP][39m [90m[39m
[35m[HTTP][39m [37m-->[39m [37mGET[39m [37m/wd/hub/session/a436153e-ebe1-41aa-af77-eb84f4e1b568/element/00000000-0000-00f7-ffff-ffff000000a3/location[39m
[35m[HTTP][39m [90m{}[39m
[35m[W3C (a436153e)][39m Driver proxy active, passing request on via HTTP proxy
[35m[WD Proxy][39m Replacing sessionId 144c2240-c3b6-4116-bce3-1e74916ee668 with a436153e-ebe1-41aa-af77-eb84f4e1b568
[35m[HTTP][39m [37m<-- GET /wd/hub/session/a436153e-ebe1-41aa-af77-eb84f4e1b568/element/00000000-0000-00f7-ffff-ffff000000a3/location [39m[32m200[39m [90m11 ms - 77[39m
[35m[HTTP][39m [90m[39m
[35m[HTTP][39m [37m-->[39m [37mPOST[39m [37m/wd/hub/session/a436153e-ebe1-41aa-af77-eb84f4e1b568/element/00000000-0000-00f7-ffff-ffff000000a3/clear[39m
[35m[HTTP][39m [90m{"id":"00000000-0000-00f7-ffff-ffff000000a3"}[39m
[35m[HTTP][39m [37m<-- POST /wd/hub/session/a436153e-ebe1-41aa-af77-eb84f4e1b568/element/00000000-0000-00f7-ffff-ffff000000a3/clear [39m[32m200[39m [90m17 ms - 14[39m
[35m[HTTP][39m [90m[39m
[35m[HTTP][39m [37m-->[39m [37mPOST[39m [37m/wd/hub/session/a436153e-ebe1-41aa-af77-eb84f4e1b568/element/00000000-0000-00f7-ffff-ffff000000a3/value[39m
[35m[HTTP][39m [90m{"id":"00000000-0000-00f7-ffff-ffff000000a3","text":"bob@example.com","value":["b","o","b","@","e","x","a","m","p","l","e",".","c","o","m"]}[39m
[35m[HTTP][39m [37m<-- POST /wd/hub/session/a436153e-ebe1-41aa-af77-eb84f4e1b568/element/00000000-0000-00f7-ffff-ffff000000a3/value [39m[32m200[39m [90m509 ms - 14[39m
[35m[HTTP][39m [90m[39m
[35m[HTTP][39m [37m-->[39m [37mGET[39m [37m/wd/hub/session/a436153e-ebe1-41aa-af77-eb84f4e1b568/source[39m
[35m[HTTP][39m [90m{}[39m
[35m[W3C (a436153e)][39m Driver proxy active, passing request on via HTTP proxy
[35m[WD Proxy][39m Replacing sessionId 144c2240-c3b6-4116-bce3-1e74916ee668 with a436153e-ebe1-41aa-af77-eb84f4e1b568
[35m[HTTP][39m [37m<-- GET /wd/hub/session/a436153e-ebe1-41aa-af77-eb84f4e1b568/source [39m[32m200[39m [90m147 ms - 26829[39m
[35m[HTTP][39m [90m[39m
[35m[HTTP][39m [37m-->[39m [37mGET[39m [37m/wd/hub/session/a436153e-ebe1-41aa-af77-eb84f4e1b568/screenshot[39m
[35m[HTTP][39m [90m{}[39m
[35m[HTTP][39m [37m<-- GET /wd/hub/session/a436153e-ebe1-41aa-af77-eb84f4e1b568/screenshot [39m[32m200[39m [90m197 ms - 166002[39m
[35m[HTTP][39m [90m[39m
[35m[HTTP][39m [37m-->[39m [37mPOST[39m [37m/wd/hub/session/a436153e-ebe1-41aa-af77-eb84f4e1b568/elements[39m
[35m[HTTP][39m [90m{"using":"xpath","value":"//*[@class = 'android.widget.EditText' and (@text = '' or . = '')]"}[39m
[35m[HTTP][39m [37m<-- POST /wd/hub/session/a436153e-ebe1-41aa-af77-eb84f4e1b568/elements [39m[32m200[39m [90m64 ms - 267[39m
[35m[HTTP][39m [90m[39m
[35m[HTTP][39m [37m-->[39m [37mPOST[39m [37m/wd/hub/session/a436153e-ebe1-41aa-af77-eb84f4e1b568/elements[39m
[35m[HTTP][39m [90m{"using":"accessibility id","value":"Password input field"}[39m
[35m[HTTP][39m [37m<-- POST /wd/hub/session/a436153e-ebe1-41aa-af77-eb84f4e1b568/elements [39m[32m200[39m [90m31 ms - 139[39m
[35m[HTTP][39m [90m[39m
[35m[HTTP][39m [37m-->[39m [37mGET[39m [37m/wd/hub/session/a436153e-ebe1-41aa-af77-eb84f4e1b568/window/rect[39m
[35m[HTTP][39m [90m{}[39m
[35m[HTTP][39m [37m<-- GET /wd/hub/session/a436153e-ebe1-41aa-af77-eb84f4e1b568/window/rect [39m[32m200[39m [90m7 ms - 50[39m
[35m[HTTP][39m [90m[39m
[35m[HTTP][39m [37m-->[39m [37mPOST[39m [37m/wd/hub/session/a436153e-ebe1-41aa-af77-eb84f4e1b568/elements[39m
[35m[HTTP][39m [90m{"using":"accessibility id","value":"Password input field"}[39m
[35m[HTTP][39m [37m<-- POST /wd/hub/session/a436153e-ebe1-41aa-af77-eb84f4e1b568/elements [39m[32m200[39m [90m33 ms - 139[39m
[35m[HTTP][39m [90m[39m
[35m[HTTP][39m [37m-->[39m [37mGET[39m [37m/wd/hub/session/a436153e-ebe1-41aa-af77-eb84f4e1b568/element/00000000-0000-00f7-ffff-ffff000000a6/location[39m
[35m[HTTP][39m [90m{}[39m
[35m[W3C (a436153e)][39m Driver proxy active, passing request on via HTTP proxy
[35m[WD Proxy][39m Replacing sessionId 144c2240-c3b6-4116-bce3-1e74916ee668 with a436153e-ebe1-41aa-af77-eb84f4e1b568
[35m[HTTP][39m [37m<-- GET /wd/hub/session/a436153e-ebe1-41aa-af77-eb84f4e1b568/element/00000000-0000-00f7-ffff-ffff000000a6/location [39m[32m200[39m [90m9 ms - 77[39m
[35m[HTTP][39m [90m[39m
[35m[HTTP][39m [37m-->[39m [37mPOST[39m [37m/wd/hub/session/a436153e-ebe1-41aa-af77-eb84f4e1b568/element/00000000-0000-00f7-ffff-ffff000000a6/clear[39m
[35m[HTTP][39m [90m{"id":"00000000-0000-00f7-ffff-ffff000000a6"}[39m
[35m[HTTP][39m [37m<-- POST /wd/hub/session/a436153e-ebe1-41aa-af77-eb84f4e1b568/element/00000000-0000-00f7-ffff-ffff000000a6/clear [39m[32m200[39m [90m13 ms - 14[39m
[35m[HTTP][39m [90m[39m
[35m[HTTP][39m [37m-->[39m [37mPOST[39m [37m/wd/hub/session/a436153e-ebe1-41aa-af77-eb84f4e1b568/element/00000000-0000-00f7-ffff-ffff000000a6/value[39m
[35m[HTTP][39m [90m{"id":"00000000-0000-00f7-ffff-ffff000000a6","text":"1","value":["1"]}[39m
[35m[HTTP][39m [37m<-- POST /wd/hub/session/a436153e-ebe1-41aa-af77-eb84f4e1b568/element/00000000-0000-00f7-ffff-ffff000000a6/value [39m[32m200[39m [90m495 ms - 14[39m
[35m[HTTP][39m [90m[39m
[35m[HTTP][39m [37m-->[39m [37mGET[39m [37m/wd/hub/session/a436153e-ebe1-41aa-af77-eb84f4e1b568/source[39m
[35m[HTTP][39m [90m{}[39m
[35m[W3C (a436153e)][39m Driver proxy active, passing request on via HTTP proxy
[35m[WD Proxy][39m Replacing sessionId 144c2240-c3b6-4116-bce3-1e74916ee668 with a436153e-ebe1-41aa-af77-eb84f4e1b568
[35m[HTTP][39m [37m<-- GET /wd/hub/session/a436153e-ebe1-41aa-af77-eb84f4e1b568/source [39m[32m200[39m [90m90 ms - 26832[39m
[35m[HTTP][39m [90m[39m
[35m[HTTP][39m [37m-->[39m [37mGET[39m [37m/wd/hub/session/a436153e-ebe1-41aa-af77-eb84f4e1b568/screenshot[39m
[35m[HTTP][39m [90m{}[39m
[35m[HTTP][39m [37m<-- GET /wd/hub/session/a436153e-ebe1-41aa-af77-eb84f4e1b568/screenshot [39m[32m200[39m [90m188 ms - 166280[39m
[35m[HTTP][39m [90m[39m
[35m[HTTP][39m [37m-->[39m [37mPOST[39m [37m/wd/hub/session/a436153e-ebe1-41aa-af77-eb84f4e1b568/elements[39m
[35m[HTTP][39m [90m{"using":"xpath","value":"//*[@class = 'android.widget.TextView' and (@text = 'Login' or . = 'Login')]"}[39m
[35m[HTTP][39m [37m<-- POST /wd/hub/session/a436153e-ebe1-41aa-af77-eb84f4e1b568/elements [39m[32m200[39m [90m53 ms - 267[39m
[35m[HTTP][39m [90m[39m
[35m[HTTP][39m [37m-->[39m [37mPOST[39m [37m/wd/hub/session/a436153e-ebe1-41aa-af77-eb84f4e1b568/elements[39m
[35m[HTTP][39m [90m{"using":"-android uiautomator","value":"new UiSelector().className(\"android.widget.TextView\").text(\"Login\")"}[39m
[35m[HTTP][39m [37m<-- POST /wd/hub/session/a436153e-ebe1-41aa-af77-eb84f4e1b568/elements [39m[32m200[39m [90m38 ms - 267[39m
[35m[HTTP][39m [90m[39m
[35m[HTTP][39m [37m-->[39m [37mGET[39m [37m/wd/hub/session/a436153e-ebe1-41aa-af77-eb84f4e1b568/window/rect[39m
[35m[HTTP][39m [90m{}[39m
[35m[HTTP][39m [37m<-- GET /wd/hub/session/a436153e-ebe1-41aa-af77-eb84f4e1b568/window/rect [39m[32m200[39m [90m5 ms - 50[39m
[35m[HTTP][39m [90m[39m
[35m[HTTP][39m [37m-->[39m [37mPOST[39m [37m/wd/hub/session/a436153e-ebe1-41aa-af77-eb84f4e1b568/elements[39m
[35m[HTTP][39m [90m{"using":"xpath","value":"//hierarchy/android.widget.FrameLayout[1]/android.widget.LinearLayout[1]/android.widget.FrameLayout[1]/android.widget.LinearLayout[1]/android.widget.FrameLayout[1]/android.widget.FrameLayout[1]/android.view.ViewGroup[1]/android.view.ViewGroup[1]/android.view.ViewGroup[1]/android.view.ViewGroup[1]/android.view.ViewGroup[1]/android.view.ViewGroup[1]/android.widget.FrameLayout[1]/android.view.ViewGroup[1]/android.view.ViewGroup[1]/android.view.ViewGroup[1]/android.view.ViewGroup[1]/android.view.ViewGroup[1]/android.widget.FrameLayout[1]/android.view.ViewGroup[1]/android.view.ViewGroup[1]/android.view.ViewGroup[2]/android.view.ViewGroup[1]/android.view.ViewGroup[1]/android.view.ViewGroup[2]/android.widget.ScrollView[1]/android.view.ViewGroup[1]/android.view.ViewGroup[5]/android.widget.TextView[1]"}[39m
[35m[HTTP][39m [37m<-- POST /wd/hub/session/a436153e-ebe1-41aa-af77-eb84f4e1b568/elements [39m[32m200[39m [90m42 ms - 139[39m
[35m[HTTP][39m [90m[39m
[35m[HTTP][39m [37m-->[39m [37mGET[39m [37m/wd/hub/session/a436153e-ebe1-41aa-af77-eb84f4e1b568/element/00000000-0000-00f7-ffff-ffff000000aa/location[39m
[35m[HTTP][39m [90m{}[39m
[35m[W3C (a436153e)][39m Driver proxy active, passing request on via HTTP proxy
[35m[WD Proxy][39m Replacing sessionId 144c2240-c3b6-4116-bce3-1e74916ee668 with a436153e-ebe1-41aa-af77-eb84f4e1b568
[35m[HTTP][39m [37m<-- GET /wd/hub/session/a436153e-ebe1-41aa-af77-eb84f4e1b568/element/00000000-0000-00f7-ffff-ffff000000aa/location [39m[32m200[39m [90m10 ms - 79[39m
[35m[HTTP][39m [90m[39m
[35m[HTTP][39m [37m-->[39m [37mPOST[39m [37m/wd/hub/session/a436153e-ebe1-41aa-af77-eb84f4e1b568/element/00000000-0000-00f7-ffff-ffff000000aa/click[39m
[35m[HTTP][39m [90m{"id":"00000000-0000-00f7-ffff-ffff000000aa"}[39m
[35m[HTTP][39m [37m<-- POST /wd/hub/session/a436153e-ebe1-41aa-af77-eb84f4e1b568/element/00000000-0000-00f7-ffff-ffff000000aa/click [39m[32m200[39m [90m49 ms - 14[39m
[35m[HTTP][39m [90m[39m
[35m[HTTP][39m [37m-->[39m [37mGET[39m [37m/wd/hub/session/a436153e-ebe1-41aa-af77-eb84f4e1b568/source[39m
[35m[HTTP][39m [90m{}[39m
[35m[W3C (a436153e)][39m Driver proxy active, passing request on via HTTP proxy
[35m[WD Proxy][39m Replacing sessionId 144c2240-c3b6-4116-bce3-1e74916ee668 with a436153e-ebe1-41aa-af77-eb84f4e1b568
[35m[HTTP][39m [37m<-- GET /wd/hub/session/a436153e-ebe1-41aa-af77-eb84f4e1b568/source [39m[32m200[39m [90m123 ms - 27406[39m
[35m[HTTP][39m [90m[39m
[35m[HTTP][39m [37m-->[39m [37mGET[39m [37m/wd/hub/session/a436153e-ebe1-41aa-af77-eb84f4e1b568/screenshot[39m
[35m[HTTP][39m [90m{}[39m
[35m[HTTP][39m [37m<-- GET /wd/hub/session/a436153e-ebe1-41aa-af77-eb84f4e1b568/screenshot [39m[32m200[39m [90m237 ms - 189864[39m
[35m[HTTP][39m [90m[39m
[35m[HTTP][39m [37m-->[39m [37mPOST[39m [37m/wd/hub/session/a436153e-ebe1-41aa-af77-eb84f4e1b568/elements[39m
[35m[HTTP][39m [90m{"using":"xpath","value":"//*[@class = 'android.widget.TextView' and (@text = 'Provided credentials do not match any user in this service.' or . = 'Provided credentials do not match any user in this service.')]"}[39m
[35m[HTTP][39m [37m<-- POST /wd/hub/session/a436153e-ebe1-41aa-af77-eb84f4e1b568/elements [39m[32m200[39m [90m55 ms - 139[39m
[35m[HTTP][39m [90m[39m
[35m[HTTP][39m [37m-->[39m [37mGET[39m [37m/wd/hub/session/a436153e-ebe1-41aa-af77-eb84f4e1b568/window/rect[39m
[35m[HTTP][39m [90m{}[39m
[35m[HTTP][39m [37m<-- GET /wd/hub/session/a436153e-ebe1-41aa-af77-eb84f4e1b568/window/rect [39m[32m200[39m [90m11 ms - 50[39m
[35m[HTTP][39m [90m[39m
[35m[HTTP][39m [37m-->[39m [37mPOST[39m [37m/wd/hub/session/a436153e-ebe1-41aa-af77-eb84f4e1b568/elements[39m
[35m[HTTP][39m [90m{"using":"xpath","value":"//*[@class = 'android.widget.TextView' and (@text = 'Provided credentials do not match any user in this service.' or . = 'Provided credentials do not match any user in this service.')]"}[39m
[35m[HTTP][39m [37m<-- POST /wd/hub/session/a436153e-ebe1-41aa-af77-eb84f4e1b568/elements [39m[32m200[39m [90m52 ms - 139[39m
[35m[HTTP][39m [90m[39m
[35m[HTTP][39m [37m-->[39m [37mGET[39m [37m/wd/hub/session/a436153e-ebe1-41aa-af77-eb84f4e1b568/element/00000000-0000-00f7-ffff-ffff000000c2/location[39m
[35m[HTTP][39m [90m{}[39m
[35m[W3C (a436153e)][39m Driver proxy active, passing request on via HTTP proxy
[35m[WD Proxy][39m Replacing sessionId 144c2240-c3b6-4116-bce3-1e74916ee668 with a436153e-ebe1-41aa-af77-eb84f4e1b568
[35m[HTTP][39m [37m<-- GET /wd/hub/session/a436153e-ebe1-41aa-af77-eb84f4e1b568/element/00000000-0000-00f7-ffff-ffff000000c2/location [39m[32m200[39m [90m10 ms - 78[39m
[35m[HTTP][39m [90m[39m
[35m[HTTP][39m [37m-->[39m [37mGET[39m [37m/wd/hub/session/a436153e-ebe1-41aa-af77-eb84f4e1b568/element/00000000-0000-00f7-ffff-ffff000000c2/text[39m
[35m[HTTP][39m [90m{}[39m
[35m[W3C (a436153e)][39m Driver proxy active, passing request on via HTTP proxy
[35m[WD Proxy][39m Replacing sessionId 144c2240-c3b6-4116-bce3-1e74916ee668 with a436153e-ebe1-41aa-af77-eb84f4e1b568
[35m[HTTP][39m [37m<-- GET /wd/hub/session/a436153e-ebe1-41aa-af77-eb84f4e1b568/element/00000000-0000-00f7-ffff-ffff000000c2/text [39m[32m200[39m [90m11 ms - 122[39m
[35m[HTTP][39m [90m[39m
[35m[HTTP][39m [37m-->[39m [37mGET[39m [37m/wd/hub/session/a436153e-ebe1-41aa-af77-eb84f4e1b568/source[39m
[35m[HTTP][39m [90m{}[39m
[35m[W3C (a436153e)][39m Driver proxy active, passing request on via HTTP proxy
[35m[WD Proxy][39m Replacing sessionId 144c2240-c3b6-4116-bce3-1e74916ee668 with a436153e-ebe1-41aa-af77-eb84f4e1b568
[35m[HTTP][39m [37m<-- GET /wd/hub/session/a436153e-ebe1-41aa-af77-eb84f4e1b568/source [39m[32m200[39m [90m30 ms - 27406[39m
[35m[HTTP][39m [90m[39m
[35m[HTTP][39m [37m-->[39m [37mGET[39m [37m/wd/hub/session/a436153e-ebe1-41aa-af77-eb84f4e1b568/screenshot[39m
[35m[HTTP][39m [90m{}[39m
[35m[HTTP][39m [37m<-- GET /wd/hub/session/a436153e-ebe1-41aa-af77-eb84f4e1b568/screenshot [39m[32m200[39m [90m197 ms - 189844[39m
[35m[HTTP][39m [90m[39m
[35m[HTTP][39m [37m-->[39m [37mDELETE[39m [37m/wd/hub/session/a436153e-ebe1-41aa-af77-eb84f4e1b568[39m
[35m[HTTP][39m [90m{}[39m
[35m[Appium][39m Removing session a436153e-ebe1-41aa-af77-eb84f4e1b568 from our master session list
[35m[UiAutomator2][39m Restoring hidden api policy to the device default configuration
[35m[HTTP][39m [37m<-- DELETE /wd/hub/session/a436153e-ebe1-41aa-af77-eb84f4e1b568 [39m[32m200[39m [90m535 ms - 14[39m
[35m[HTTP][39m [90m[39m
